2026.05.14 15:34:01 INFO  Started: Metals version 1.6.7 in folders 'C:\Users\Xanti Raphael\Downloads\kubo-kuboKen' for client Visual Studio Code 1.117.0.
2026.05.14 15:34:01 INFO  Memory monitor started
2026.05.14 15:34:03 WARN  Using H2 2.4.240 which is newer than the version Flyway has been verified with. The latest verified version of H2 is 2.3.232.
2026.05.14 15:34:07 WARN  no build target for: C:\Users\Xanti Raphael\Downloads\kubo-kuboKen\src\main\java\module-info.java
2026.05.14 15:34:07 WARN  Running javac-semanticdb failed for file:///C:/Users/Xanti%20Raphael/Downloads/kubo-kuboKen/src/main/java/module-info.java. Output:

2026.05.14 15:36:52 INFO  no build target found for C:\Users\Xanti Raphael\Downloads\kubo-kuboKen\src\main\java\module-info.java. Using fallback presentation compiler.
2026.05.14 15:42:30 INFO  Shutting down server
2026.05.14 15:42:30 INFO  Memory monitor stopped
2026.05.14 15:42:30 INFO  shutting down Metals
2026.05.14 15:42:30 INFO  Exiting server
2026.05.14 15:45:30 INFO  Started: Metals version 1.6.7 in folders 'C:\Users\Xanti Raphael\Downloads\kubo-kuboKen' for client Visual Studio Code 1.117.0.
2026.05.14 15:45:30 INFO  Memory monitor started
2026.05.14 15:45:30 WARN  Using H2 2.4.240 which is newer than the version Flyway has been verified with. The latest verified version of H2 is 2.3.232.
2026.05.14 15:45:30 INFO  no build target found for C:\Users\Xanti Raphael\Downloads\kubo-kuboKen\src\main\java\module-info.java. Using fallback presentation compiler.
2026.05.14 15:45:31 INFO  no build target found for C:\Users\Xanti Raphael\Downloads\kubo-kuboKen\src\main\java\module-info.java. Using fallback presentation compiler.
2026.05.14 15:46:04 INFO  no build target found for C:\Users\Xanti Raphael\Downloads\kubo-kuboKen\src\main\java\module-info.java. Using fallback presentation compiler.
2026.05.14 15:46:04 INFO  no build target found for C:\Users\Xanti Raphael\Downloads\kubo-kuboKen\src\main\java\module-info.java. Using fallback presentation compiler.
2026.05.14 15:46:06 INFO  no build target found for C:\Users\Xanti Raphael\Downloads\kubo-kuboKen\src\main\java\module-info.java. Using fallback presentation compiler.
2026.05.14 15:46:06 INFO  no build target found for C:\Users\Xanti Raphael\Downloads\kubo-kuboKen\src\main\java\module-info.java. Using fallback presentation compiler.
2026.05.14 15:46:06 INFO  no build target found for C:\Users\Xanti Raphael\Downloads\kubo-kuboKen\src\main\java\module-info.java. Using fallback presentation compiler.
2026.05.14 15:46:06 INFO  no build target found for C:\Users\Xanti Raphael\Downloads\kubo-kuboKen\src\main\java\module-info.java. Using fallback presentation compiler.
2026.05.14 15:46:06 INFO  no build target found for C:\Users\Xanti Raphael\Downloads\kubo-kuboKen\src\main\java\module-info.java. Using fallback presentation compiler.
2026.05.14 15:46:06 INFO  no build target found for C:\Users\Xanti Raphael\Downloads\kubo-kuboKen\src\main\java\module-info.java. Using fallback presentation compiler.
2026.05.14 15:46:06 INFO  no build target found for C:\Users\Xanti Raphael\Downloads\kubo-kuboKen\src\main\java\module-info.java. Using fallback presentation compiler.
2026.05.14 15:46:06 INFO  no build target found for C:\Users\Xanti Raphael\Downloads\kubo-kuboKen\src\main\java\module-info.java. Using fallback presentation compiler.
2026.05.14 15:46:07 INFO  no build target found for C:\Users\Xanti Raphael\Downloads\kubo-kuboKen\src\main\java\module-info.java. Using fallback presentation compiler.
2026.05.14 15:46:07 INFO  no build target found for C:\Users\Xanti Raphael\Downloads\kubo-kuboKen\src\main\java\module-info.java. Using fallback presentation compiler.
2026.05.14 15:46:07 INFO  no build target found for C:\Users\Xanti Raphael\Downloads\kubo-kuboKen\src\main\java\module-info.java. Using fallback presentation compiler.
2026.05.14 15:46:07 INFO  no build target found for C:\Users\Xanti Raphael\Downloads\kubo-kuboKen\src\main\java\module-info.java. Using fallback presentation compiler.
2026.05.14 15:46:07 INFO  no build target found for C:\Users\Xanti Raphael\Downloads\kubo-kuboKen\src\main\java\module-info.java. Using fallback presentation compiler.
2026.05.14 15:46:07 INFO  no build target found for C:\Users\Xanti Raphael\Downloads\kubo-kuboKen\src\main\java\module-info.java. Using fallback presentation compiler.
2026.05.14 15:46:07 INFO  no build target found for C:\Users\Xanti Raphael\Downloads\kubo-kuboKen\src\main\java\module-info.java. Using fallback presentation compiler.
2026.05.14 15:46:08 INFO  no build target found for C:\Users\Xanti Raphael\Downloads\kubo-kuboKen\src\main\java\module-info.java. Using fallback presentation compiler.
2026.05.14 15:46:08 INFO  no build target found for C:\Users\Xanti Raphael\Downloads\kubo-kuboKen\src\main\java\module-info.java. Using fallback presentation compiler.
2026.05.14 15:46:08 INFO  no build target found for C:\Users\Xanti Raphael\Downloads\kubo-kuboKen\src\main\java\module-info.java. Using fallback presentation compiler.
2026.05.14 15:46:08 INFO  no build target found for C:\Users\Xanti Raphael\Downloads\kubo-kuboKen\src\main\java\module-info.java. Using fallback presentation compiler.
2026.05.14 15:46:08 INFO  no build target found for C:\Users\Xanti Raphael\Downloads\kubo-kuboKen\src\main\java\module-info.java. Using fallback presentation compiler.
2026.05.14 15:46:08 INFO  no build target found for C:\Users\Xanti Raphael\Downloads\kubo-kuboKen\src\main\java\module-info.java. Using fallback presentation compiler.
2026.05.14 15:46:08 INFO  no build target found for C:\Users\Xanti Raphael\Downloads\kubo-kuboKen\src\main\java\module-info.java. Using fallback presentation compiler.
2026.05.14 15:46:09 WARN  no build target for: C:\Users\Xanti Raphael\Downloads\kubo-kuboKen\src\main\java\module-info.java
2026.05.14 15:46:09 INFO  no build target found for C:\Users\Xanti Raphael\Downloads\kubo-kuboKen\src\main\java\module-info.java. Using fallback presentation compiler.
2026.05.14 15:46:09 WARN  Running javac-semanticdb failed for file:///C:/Users/Xanti%20Raphael/Downloads/kubo-kuboKen/src/main/java/module-info.java. Output:

2026.05.14 15:46:12 INFO  no build target found for C:\Users\Xanti Raphael\Downloads\kubo-kuboKen\src\main\java\module-info.java. Using fallback presentation compiler.
2026.05.14 15:46:12 INFO  no build target found for C:\Users\Xanti Raphael\Downloads\kubo-kuboKen\src\main\java\module-info.java. Using fallback presentation compiler.
2026.05.14 15:46:13 INFO  no build target found for C:\Users\Xanti Raphael\Downloads\kubo-kuboKen\src\main\java\module-info.java. Using fallback presentation compiler.
2026.05.14 15:46:13 INFO  no build target found for C:\Users\Xanti Raphael\Downloads\kubo-kuboKen\src\main\java\module-info.java. Using fallback presentation compiler.
2026.05.14 15:47:25 INFO  no build target found for c:\Users\Xanti Raphael\Downloads\kubo-kuboKen\src\main\java\module-info.java. Using fallback presentation compiler.
